# JRE version: OpenJDK Runtime Environment Temurin-17.0.6+10 (17.0.6+10) (build 17.0.6+10)
# Java VM: OpenJDK 64-Bit Server VM Temurin-17.0.6+10 (17.0.6+10, mixed mode, emulated-client, tiered, compressed oops, compressed class ptrs, g1 gc, windows-amd64)
GC Precious Log:
 CPUs: 8 total, 8 available
 Memory: 16217M
 Large Page Support: Disabled
 NUMA Support: Disabled
 Compressed Oops: Enabled (Zero based)
 Heap Region Size: 2M
 Heap Min Capacity: 8M
 Heap Initial Capacity: 254M
 Heap Max Capacity: 4056M
 Pre-touch: Disabled
 Parallel Workers: 8
 Concurrent Workers: 2
 Concurrent Refinement Workers: 8
 Periodic GC: Disabled
Heap:
 garbage-first heap   total 161792K, used 55293K [0x0000000702800000, 0x0000000800000000)
  region size 2048K, 17 young (34816K), 1 survivors (2048K)
 Metaspace       used 51820K, committed 52160K, reserved 1097728K
  class space    used 6369K, committed 6528K, reserved 1048576K
GC Heap History (20 events):
Event: 1549.443 GC heap before
{Heap before GC invocations=25 (full 1):
 garbage-first heap   total 161792K, used 117557K [0x0000000702800000, 0x0000000800000000)
  region size 2048K, 47 young (96256K), 1 survivors (2048K)
 Metaspace       used 51764K, committed 52160K, reserved 1097728K
  class space    used 6357K, committed 6528K, reserved 1048576K
}
Event: 1549.445 GC heap after
{Heap after GC invocations=26 (full 1):
 garbage-first heap   total 161792K, used 23370K [0x0000000702800000, 0x0000000800000000)
  region size 2048K, 1 young (2048K), 1 survivors (2048K)
 Metaspace       used 51764K, committed 52160K, reserved 1097728K
  class space    used 6357K, committed 6528K, reserved 1048576K
}
Event: 2021.688 GC heap before
{Heap before GC invocations=26 (full 1):
 garbage-first heap   total 161792K, used 117578K [0x0000000702800000, 0x0000000800000000)
  region size 2048K, 47 young (96256K), 1 survivors (2048K)
 Metaspace       used 51764K, committed 52160K, reserved 1097728K
  class space    used 6357K, committed 6528K, reserved 1048576K
}
Event: 2021.689 GC heap after
{Heap after GC invocations=27 (full 1):
 garbage-first heap   total 161792K, used 23369K [0x0000000702800000, 0x0000000800000000)
  region size 2048K, 1 young (2048K), 1 survivors (2048K)
 Metaspace       used 51764K, committed 52160K, reserved 1097728K
  class space    used 6357K, committed 6528K, reserved 1048576K
}
Event: 2493.713 GC heap before
{Heap before GC invocations=27 (full 1):
 garbage-first heap   total 161792K, used 117577K [0x0000000702800000, 0x0000000800000000)
  region size 2048K, 47 young (96256K), 1 survivors (2048K)
 Metaspace       used 51765K, committed 52160K, reserved 1097728K
  class space    used 6358K, committed 6528K, reserved 1048576K
}
Event: 2493.715 GC heap after
{Heap after GC invocations=28 (full 1):
 garbage-first heap   total 161792K, used 23379K [0x0000000702800000, 0x0000000800000000)
  region size 2048K, 1 young (2048K), 1 survivors (2048K)
 Metaspace       used 51765K, committed 52160K, reserved 1097728K
  class space    used 6358K, committed 6528K, reserved 1048576K
}
Event: 2962.196 GC heap before
{Heap before GC invocations=28 (full 1):
 garbage-first heap   total 161792K, used 117587K [0x0000000702800000, 0x0000000800000000)
  region size 2048K, 47 young (96256K), 1 survivors (2048K)
 Metaspace       used 51765K, committed 52160K, reserved 1097728K
  class space    used 6358K, committed 6528K, reserved 1048576K
}
Event: 2962.198 GC heap after
{Heap after GC invocations=29 (full 1):
 garbage-first heap   total 161792K, used 23372K [0x0000000702800000, 0x0000000800000000)
  region size 2048K, 1 young (2048K), 1 survivors (2048K)
 Metaspace       used 51765K, committed 52160K, reserved 1097728K
  class space    used 6358K, committed 6528K, reserved 1048576K
}
Event: 3434.602 GC heap before
{Heap before GC invocations=29 (full 1):
 garbage-first heap   total 161792K, used 117580K [0x0000000702800000, 0x0000000800000000)
  region size 2048K, 47 young (96256K), 1 survivors (2048K)
 Metaspace       used 51765K, committed 52160K, reserved 1097728K
  class space    used 6358K, committed 6528K, reserved 1048576K
}
Event: 3434.604 GC heap after
{Heap after GC invocations=30 (full 1):
 garbage-first heap   total 161792K, used 23388K [0x0000000702800000, 0x0000000800000000)
  region size 2048K, 1 young (2048K), 1 survivors (2048K)
 Metaspace       used 51765K, committed 52160K, reserved 1097728K
  class space    used 6358K, committed 6528K, reserved 1048576K
}
Event: 3908.082 GC heap before
{Heap before GC invocations=30 (full 1):
 garbage-first heap   total 161792K, used 117596K [0x0000000702800000, 0x0000000800000000)
  region size 2048K, 47 young (96256K), 1 survivors (2048K)
 Metaspace       used 51765K, committed 52160K, reserved 1097728K
  class space    used 6358K, committed 6528K, reserved 1048576K
}
Event: 3908.084 GC heap after
{Heap after GC invocations=31 (full 1):
 garbage-first heap   total 161792K, used 23345K [0x0000000702800000, 0x0000000800000000)
  region size 2048K, 1 young (2048K), 1 survivors (2048K)
 Metaspace       used 51765K, committed 52160K, reserved 1097728K
  class space    used 6358K, committed 6528K, reserved 1048576K
}
Event: 4376.120 GC heap before
{Heap before GC invocations=31 (full 1):
 garbage-first heap   total 161792K, used 117553K [0x0000000702800000, 0x0000000800000000)
  region size 2048K, 47 young (96256K), 1 survivors (2048K)
 Metaspace       used 51765K, committed 52160K, reserved 1097728K
  class space    used 6358K, committed 6528K, reserved 1048576K
}
Event: 4376.122 GC heap after
{Heap after GC invocations=32 (full 1):
 garbage-first heap   total 161792K, used 23374K [0x0000000702800000, 0x0000000800000000)
  region size 2048K, 1 young (2048K), 1 survivors (2048K)
 Metaspace       used 51765K, committed 52160K, reserved 1097728K
  class space    used 6358K, committed 6528K, reserved 1048576K
}
Event: 4846.892 GC heap before
{Heap before GC invocations=32 (full 1):
 garbage-first heap   total 161792K, used 117582K [0x0000000702800000, 0x0000000800000000)
  region size 2048K, 47 young (96256K), 1 survivors (2048K)
 Metaspace       used 51765K, committed 52160K, reserved 1097728K
  class space    used 6358K, committed 6528K, reserved 1048576K
}
Event: 4846.894 GC heap after
{Heap after GC invocations=33 (full 1):
 garbage-first heap   total 161792K, used 23325K [0x0000000702800000, 0x0000000800000000)
  region size 2048K, 1 young (2048K), 1 survivors (2048K)
 Metaspace       used 51765K, committed 52160K, reserved 1097728K
  class space    used 6358K, committed 6528K, reserved 1048576K
}
Event: 5314.214 GC heap before
{Heap before GC invocations=33 (full 1):
 garbage-first heap   total 161792K, used 117533K [0x0000000702800000, 0x0000000800000000)
  region size 2048K, 47 young (96256K), 1 survivors (2048K)
 Metaspace       used 51765K, committed 52160K, reserved 1097728K
  class space    used 6358K, committed 6528K, reserved 1048576K
}
Event: 5314.216 GC heap after
{Heap after GC invocations=34 (full 1):
 garbage-first heap   total 161792K, used 23371K [0x0000000702800000, 0x0000000800000000)
  region size 2048K, 1 young (2048K), 1 survivors (2048K)
 Metaspace       used 51765K, committed 52160K, reserved 1097728K
  class space    used 6358K, committed 6528K, reserved 1048576K
}
Event: 5750.520 GC heap before
{Heap before GC invocations=34 (full 1):
 garbage-first heap   total 161792K, used 117579K [0x0000000702800000, 0x0000000800000000)
  region size 2048K, 47 young (96256K), 1 survivors (2048K)
 Metaspace       used 51784K, committed 52160K, reserved 1097728K
  class space    used 6362K, committed 6528K, reserved 1048576K
}
Event: 5750.522 GC heap after
{Heap after GC invocations=35 (full 1):
 garbage-first heap   total 161792K, used 24573K [0x0000000702800000, 0x0000000800000000)
  region size 2048K, 1 young (2048K), 1 survivors (2048K)
 Metaspace       used 51784K, committed 52160K, reserved 1097728K
  class space    used 6362K, committed 6528K, reserved 1048576K
}

